<?xml version="1.0" encoding="UTF-8"?>
<!-- Generated by org.testng.reporters.JUnitXMLReporter -->
<testsuite hostname="Jaganath-PC" ignored="0" name="Test" tests="3" failures="0" timestamp="27 Sep 2022 14:22:07 GMT" time="397.835" errors="0">
  <testcase name="productcostVerify" time="32.876" classname="testcase.Addtocarttest"/>
  <testcase name="sortbyName" time="111.956" classname="testcase.Sorttest"/>
  <testcase name="productcostVerify" time="50.146" classname="testcase.ProductcostVerification"/>
</testsuite> <!-- Test -->
